<?xml version="1.0" encoding="UTF-8"?>
<!-- Generated by org.testng.reporters.JUnitReportReporter -->
<testsuite hostname="DESKTOP-171AVQP" failures="0" tests="9" name="Sign_in.Test_Signin" time="75.265" errors="0" timestamp="2022-10-18T16:45:54 ICT" skipped="0">
  <testcase classname="Sign_in.Test_Signin" name="importTestData" time="1.220"/>
  <system-out/>
  <testcase classname="Sign_in.Test_Signin" name="SignIn" time="12.709"/>
  <system-out/>
  <testcase classname="Sign_in.Test_Signin" name="SignIn" time="13.253"/>
  <system-out/>
  <testcase classname="Sign_in.Test_Signin" name="SignIn" time="2.450"/>
  <system-out/>
  <testcase classname="Sign_in.Test_Signin" name="SignIn" time="9.960"/>
  <system-out/>
  <testcase classname="Sign_in.Test_Signin" name="SignIn" time="11.962"/>
  <system-out/>
  <testcase classname="Sign_in.Test_Signin" name="SignIn" time="10.917"/>
  <system-out/>
  <testcase classname="Sign_in.Test_Signin" name="SignIn" time="12.109"/>
  <system-out/>
  <testcase classname="Sign_in.Test_Signin" name="export" time="0.685"/>
  <system-out/>
</testsuite> <!-- Sign_in.Test_Signin -->
